<?xml version="1.0" encoding="UTF-8"?>
<!-- Generated by org.testng.reporters.JUnitReportReporter -->
<testsuite hostname="Arif" failures="0" tests="4" name="com.admin.qa.tests.LoginPageTest" time="2.836" errors="1" timestamp="2024-06-30T11:21:05 BDT" skipped="3">
  <testcase classname="com.admin.qa.tests.LoginPageTest" name="setUp" time="2.836">
    <error message="session not created: This version of Microsoft Edge WebDriver only supports Microsoft Edge version 120
Current browser version is 126.0.2592.81 with binary path C:\Program Files (x86)\Microsoft\Edge\Application\msedge.exe
Build info: version: &#039;3.141.59&#039;, revision: &#039;e82be7d358&#039;, time: &#039;2018-11-14T08:17:03&#039;
System info: host: &#039;ARIF&#039;, ip: &#039;192.168.20.96&#039;, os.name: &#039;Windows 11&#039;, os.arch: &#039;amd64&#039;, os.version: &#039;10.0&#039;, java.version: &#039;17.0.10&#039;
Driver info: driver.version: EdgeDriver
remote stacktrace: 	GetHandleVerifier [0x00007FF603D40352+58194]
	Microsoft::Applications::Events::ILogConfiguration::operator* [0x00007FF603CCECB2+216546]
	(No symbol) [0x00007FF603AE9E1B]
	(No symbol) [0x00007FF603B28A4F]
	(No symbol) [0x00007FF603B27C5A]
	(No symbol) [0x00007FF603B209EA]
	(No symbol) [0x00007FF603B1CAA1]
	(No symbol) [0x00007FF603B663BE]
	(No symbol) [0x00007FF603B5BD43]
	(No symbol) [0x00007FF603B2C162]
	(No symbol) [0x00007FF603B2B5BD]
	(No symbol) [0x00007FF603B2C994]
	Microsoft::Applications::Events::EventProperty::to_string [0x00007FF603EF6CFA+1051354]
	(No symbol) [0x00007FF603BAF596]
	Microsoft::Applications::Events::EventProperty::clear [0x00007FF603C46205+34245]
	Microsoft::Applications::Events::EventProperty::clear [0x00007FF603C3E6AD+2669]
	Microsoft::Applications::Events::EventProperty::to_string [0x00007FF603EF59F3+1046483]
	Microsoft::Applications::Events::ILogConfiguration::operator* [0x00007FF603CD8998+256712]
	Microsoft::Applications::Events::ILogConfiguration::operator* [0x00007FF603CD4124+238164]
	Microsoft::Applications::Events::ILogConfiguration::operator* [0x00007FF603CD4252+238466]
	Microsoft::Applications::Events::ILogConfiguration::operator* [0x00007FF603CC8FF1+192801]
	BaseThreadInitThunk [0x00007FFCF722257D+29]
	RtlUserThreadStart [0x00007FFCF8C2AF28+40]
" type="org.openqa.selenium.SessionNotCreatedException">
      <![CDATA[org.openqa.selenium.SessionNotCreatedException: session not created: This version of Microsoft Edge WebDriver only supports Microsoft Edge version 120
Current browser version is 126.0.2592.81 with binary path C:\Program Files (x86)\Microsoft\Edge\Application\msedge.exe
Build info: version: '3.141.59', revision: 'e82be7d358', time: '2018-11-14T08:17:03'
System info: host: 'ARIF', ip: '192.168.20.96', os.name: 'Windows 11', os.arch: 'amd64', os.version: '10.0', java.version: '17.0.10'
Driver info: driver.version: EdgeDriver
remote stacktrace: GetHandleVerifier [0x00007FF603D40352+58194]
Microsoft::Applications::Events::ILogConfiguration::operator* [0x00007FF603CCECB2+216546]
(No symbol) [0x00007FF603AE9E1B]
(No symbol) [0x00007FF603B28A4F]
(No symbol) [0x00007FF603B27C5A]
(No symbol) [0x00007FF603B209EA]
(No symbol) [0x00007FF603B1CAA1]
(No symbol) [0x00007FF603B663BE]
(No symbol) [0x00007FF603B5BD43]
(No symbol) [0x00007FF603B2C162]
(No symbol) [0x00007FF603B2B5BD]
(No symbol) [0x00007FF603B2C994]
Microsoft::Applications::Events::EventProperty::to_string [0x00007FF603EF6CFA+1051354]
(No symbol) [0x00007FF603BAF596]
Microsoft::Applications::Events::EventProperty::clear [0x00007FF603C46205+34245]
Microsoft::Applications::Events::EventProperty::clear [0x00007FF603C3E6AD+2669]
Microsoft::Applications::Events::EventProperty::to_string [0x00007FF603EF59F3+1046483]
Microsoft::Applications::Events::ILogConfiguration::operator* [0x00007FF603CD8998+256712]
Microsoft::Applications::Events::ILogConfiguration::operator* [0x00007FF603CD4124+238164]
Microsoft::Applications::Events::ILogConfiguration::operator* [0x00007FF603CD4252+238466]
Microsoft::Applications::Events::ILogConfiguration::operator* [0x00007FF603CC8FF1+192801]
BaseThreadInitThunk [0x00007FFCF722257D+29]
RtlUserThreadStart [0x00007FFCF8C2AF28+40]

at java.base/jdk.internal.reflect.NativeConstructorAccessorImpl.newInstance0(Native Method)
at java.base/jdk.internal.reflect.NativeConstructorAccessorImpl.newInstance(NativeConstructorAccessorImpl.java:77)
at java.base/jdk.internal.reflect.DelegatingConstructorAccessorImpl.newInstance(DelegatingConstructorAccessorImpl.java:45)
at java.base/java.lang.reflect.Constructor.newInstanceWithCaller(Constructor.java:499)
at java.base/java.lang.reflect.Constructor.newInstance(Constructor.java:480)
at org.openqa.selenium.remote.W3CHandshakeResponse.lambda$errorHandler$0(W3CHandshakeResponse.java:62)
at org.openqa.selenium.remote.HandshakeResponse.lambda$getResponseFunction$0(HandshakeResponse.java:30)
at org.openqa.selenium.remote.ProtocolHandshake.lambda$createSession$0(ProtocolHandshake.java:126)
at java.base/java.util.stream.ReferencePipeline$3$1.accept(ReferencePipeline.java:197)
at java.base/java.util.Spliterators$ArraySpliterator.tryAdvance(Spliterators.java:1002)
at java.base/java.util.stream.ReferencePipeline.forEachWithCancel(ReferencePipeline.java:129)
at java.base/java.util.stream.AbstractPipeline.copyIntoWithCancel(AbstractPipeline.java:527)
at java.base/java.util.stream.AbstractPipeline.copyInto(AbstractPipeline.java:513)
at java.base/java.util.stream.AbstractPipeline.wrapAndCopyInto(AbstractPipeline.java:499)
at java.base/java.util.stream.FindOps$FindOp.evaluateSequential(FindOps.java:150)
at java.base/java.util.stream.AbstractPipeline.evaluate(AbstractPipeline.java:234)
at java.base/java.util.stream.ReferencePipeline.findFirst(ReferencePipeline.java:647)
at org.openqa.selenium.remote.ProtocolHandshake.createSession(ProtocolHandshake.java:128)
at org.openqa.selenium.remote.ProtocolHandshake.createSession(ProtocolHandshake.java:74)
at org.openqa.selenium.remote.HttpCommandExecutor.execute(HttpCommandExecutor.java:136)
at org.openqa.selenium.remote.service.DriverCommandExecutor.execute(DriverCommandExecutor.java:83)
at org.openqa.selenium.remote.RemoteWebDriver.execute(RemoteWebDriver.java:552)
at org.openqa.selenium.remote.RemoteWebDriver.startSession(RemoteWebDriver.java:213)
at org.openqa.selenium.remote.RemoteWebDriver.<init>(RemoteWebDriver.java:131)
at org.openqa.selenium.edge.EdgeDriver.<init>(EdgeDriver.java:141)
at org.openqa.selenium.edge.EdgeDriver.<init>(EdgeDriver.java:96)
at com.crm.qa.base.TestBase.initialization(TestBase.java:59)
at com.admin.qa.tests.LoginPageTest.setUp(LoginPageTest.java:27)
at java.base/jdk.internal.reflect.NativeMethodAccessorImpl.invoke0(Native Method)
at java.base/jdk.internal.reflect.NativeMethodAccessorImpl.invoke(NativeMethodAccessorImpl.java:77)
at java.base/jdk.internal.reflect.DelegatingMethodAccessorImpl.invoke(DelegatingMethodAccessorImpl.java:43)
at java.base/java.lang.reflect.Method.invoke(Method.java:568)
at org.testng.internal.MethodInvocationHelper.invokeMethod(MethodInvocationHelper.java:133)
at org.testng.internal.MethodInvocationHelper.invokeMethodConsideringTimeout(MethodInvocationHelper.java:62)
at org.testng.internal.ConfigInvoker.invokeConfigurationMethod(ConfigInvoker.java:385)
at org.testng.internal.ConfigInvoker.invokeConfigurations(ConfigInvoker.java:321)
at org.testng.internal.TestInvoker.runConfigMethods(TestInvoker.java:700)
at org.testng.internal.TestInvoker.invokeMethod(TestInvoker.java:527)
at org.testng.internal.TestInvoker.invokeTestMethod(TestInvoker.java:173)
at org.testng.internal.MethodRunner.runInSequence(MethodRunner.java:46)
at org.testng.internal.TestInvoker$MethodInvocationAgent.invoke(TestInvoker.java:824)
at org.testng.internal.TestInvoker.invokeTestMethods(TestInvoker.java:146)
at org.testng.internal.TestMethodWorker.invokeTestMethods(TestMethodWorker.java:146)
at org.testng.internal.TestMethodWorker.run(TestMethodWorker.java:128)
at java.base/java.util.ArrayList.forEach(ArrayList.java:1511)
at org.testng.TestRunner.privateRun(TestRunner.java:794)
at org.testng.TestRunner.run(TestRunner.java:596)
at org.testng.SuiteRunner.runTest(SuiteRunner.java:377)
at org.testng.SuiteRunner.runSequentially(SuiteRunner.java:371)
at org.testng.SuiteRunner.privateRun(SuiteRunner.java:332)
at org.testng.SuiteRunner.run(SuiteRunner.java:276)
at org.testng.SuiteRunnerWorker.runSuite(SuiteRunnerWorker.java:53)
at org.testng.SuiteRunnerWorker.run(SuiteRunnerWorker.java:96)
at org.testng.TestNG.runSuitesSequentially(TestNG.java:1212)
at org.testng.TestNG.runSuitesLocally(TestNG.java:1134)
at org.testng.TestNG.runSuites(TestNG.java:1063)
at org.testng.TestNG.run(TestNG.java:1031)
at org.testng.remote.AbstractRemoteTestNG.run(AbstractRemoteTestNG.java:115)
at org.testng.remote.RemoteTestNG.initAndRun(RemoteTestNG.java:251)
at org.testng.remote.RemoteTestNG.main(RemoteTestNG.java:77)
]]>
    </error>
  </testcase> <!-- setUp -->
  <system-out/>
  <testcase classname="com.admin.qa.tests.LoginPageTest" name="loginPageTitleTest" time="0.000">
    <skipped/>
  </testcase> <!-- loginPageTitleTest -->
  <system-out/>
  <testcase classname="com.admin.qa.tests.LoginPageTest" name="CRMLogoImageTest" time="0.000">
    <skipped/>
  </testcase> <!-- CRMLogoImageTest -->
  <system-out/>
  <testcase classname="com.admin.qa.tests.LoginPageTest" name="loginTest" time="0.000">
    <skipped/>
  </testcase> <!-- loginTest -->
  <system-out/>
</testsuite> <!-- com.admin.qa.tests.LoginPageTest -->
